<?xml version="1.0" encoding="UTF-8"?>
<!-- Generated by org.testng.reporters.JUnitReportReporter -->
<testsuite hostname="CBEN-51SF244-LX" failures="0" tests="1" name="scenarios.Guru99_ValidLogin" time="28.656" errors="0" timestamp="27 Nov 2024 04:32:04 GMT">
  <testcase classname="scenarios.Guru99_ValidLogin" name="testScenario" time="28.656"/>
</testsuite> <!-- scenarios.Guru99_ValidLogin -->
