<?xml version="1.0" encoding="UTF-8"?>
<!-- Generated by org.testng.reporters.JUnitReportReporter -->
<testsuite hostname="CBEN-51SF244-LX" failures="0" tests="1" name="scenarios.MercuryTours_ValidLogin" time="75.349" errors="0" timestamp="28 Nov 2024 03:21:28 GMT">
  <testcase classname="scenarios.MercuryTours_ValidLogin" name="ValidLogin" time="75.349"/>
</testsuite> <!-- scenarios.MercuryTours_ValidLogin -->
