<?xml version="1.0" encoding="UTF-8"?>
<!-- Generated by org.testng.reporters.JUnitReportReporter -->
<testsuite hostname="CBEN-51SF244-LX" failures="0" tests="1" name="scenarios.Tricentis_AutomobileTest" time="37.217" errors="0" timestamp="29 Nov 2024 03:00:53 GMT">
  <testcase classname="scenarios.Tricentis_AutomobileTest" name="AutomobileInsuranceQuotationTest" time="37.217"/>
</testsuite> <!-- scenarios.Tricentis_AutomobileTest -->
